<?xml version="1.0" encoding="UTF-8"?>
<testsuite xmlns:xsi="http://www.w3.org/2001/XMLSchema-instance" xsi:noNamespaceSchemaLocation="https://maven.apache.org/surefire/maven-surefire-plugin/xsd/surefire-test-report-3.0.xsd" version="3.0" name="com.javademo.config.WebConfigurerTest" time="4.213" tests="4" errors="0" skipped="0" failures="0">
  <properties>
[...]
</properties>
  <testcase name="shouldCorsFilterOnOtherPath" classname="com.javademo.config.WebConfigurerTest" time="4.141"/>
  <testcase name="shouldCorsFilterOnApiPath" classname="com.javademo.config.WebConfigurerTest" time="0.016"/>
  <testcase name="shouldCorsFilterDeactivatedForNullAllowedOrigins" classname="com.javademo.config.WebConfigurerTest" time="0.012"/>
  <testcase name="shouldCorsFilterDeactivatedForEmptyAllowedOrigins" classname="com.javademo.config.WebConfigurerTest" time="0.011"/>
</testsuite>